#! /usr/local/bin/vvp
:ivl_version "12.0 (stable)";
:ivl_delay_selection "TYPICAL";
:vpi_time_precision + 0;
:vpi_module "/usr/local/lib/ivl/system.vpi";
:vpi_module "/usr/local/lib/ivl/vhdl_sys.vpi";
:vpi_module "/usr/local/lib/ivl/vhdl_textio.vpi";
:vpi_module "/usr/local/lib/ivl/v2005_math.vpi";
:vpi_module "/usr/local/lib/ivl/va_math.vpi";
:vpi_module "/usr/local/lib/ivl/v2009.vpi";
S_0x1371580 .scope package, "$unit" "$unit" 2 1;
 .timescale 0 0;
S_0x1371710 .scope module, "sync_fifo_TB" "sync_fifo_TB" 3 3;
 .timescale 0 0;
P_0x13718a0 .param/l "DATA_WIDTH" 0 3 4, +C4<00000000000000000000000000001000>;
v0x13bbfd0_0 .var "clk", 0 0;
v0x13bc090_0 .var "data_in", 7 0;
v0x13bc160_0 .net "data_out", 7 0, v0x13bb6d0_0;  1 drivers
v0x13bc260_0 .net "empty", 0 0, L_0x13bcb40;  1 drivers
v0x13bc330_0 .net "full", 0 0, L_0x13bca00;  1 drivers
v0x13bc3d0_0 .var "r_en", 0 0;
v0x13bc4a0_0 .var "rst_n", 0 0;
v0x13bc570_0 .var "w_en", 0 0;
v0x13bc640_0 .var "wdata", 7 0;
v0x13bc770_0 .var/queue "wdata_q", 8;
S_0x139a530 .scope begin, "$ivl_for_loop0" "$ivl_for_loop0" 3 28, 3 28 0, S_0x1371710;
 .timescale 0 0;
v0x1389bb0_0 .var/2s "i", 31 0;
E_0x139d8f0 .event posedge, v0x13bb520_0;
S_0x13babb0 .scope begin, "$ivl_for_loop1" "$ivl_for_loop1" 3 48, 3 48 0, S_0x1371710;
 .timescale 0 0;
v0x13badb0_0 .var/2s "i", 31 0;
S_0x13bae90 .scope module, "s_fifo" "synchronous_fifo" 3 15, 4 2 0, S_0x1371710;
 .timescale 0 0;
    .port_info 0 /INPUT 1 "clk";
    .port_info 1 /INPUT 1 "rst_n";
    .port_info 2 /INPUT 1 "w_en";
    .port_info 3 /INPUT 1 "r_en";
    .port_info 4 /INPUT 8 "data_in";
    .port_info 5 /OUTPUT 8 "data_out";
    .port_info 6 /OUTPUT 1 "full";
    .port_info 7 /OUTPUT 1 "empty";
P_0x13bb0a0 .param/l "DATA_WIDTH" 0 4 2, +C4<00000000000000000000000000001000>;
P_0x13bb0e0 .param/l "DEPTH" 0 4 2, +C4<00000000000000000000000000001000>;
L_0x7fbd56dcc018 .functor BUFT 1, C4<001>, C4<0>, C4<0>, C4<0>;
v0x13bb360_0 .net/2u *"_ivl_0", 2 0, L_0x7fbd56dcc018;  1 drivers
v0x13bb440_0 .net *"_ivl_2", 2 0, L_0x13bc810;  1 drivers
v0x13bb520_0 .net "clk", 0 0, v0x13bbfd0_0;  1 drivers
v0x13bb5f0_0 .net "data_in", 7 0, v0x13bc090_0;  1 drivers
v0x13bb6d0_0 .var "data_out", 7 0;
v0x13bb800_0 .net "empty", 0 0, L_0x13bcb40;  alias, 1 drivers
v0x13bb8c0 .array "fifo", 7 0, 7 0;
v0x13bb980_0 .net "full", 0 0, L_0x13bca00;  alias, 1 drivers
v0x13bba40_0 .net "r_en", 0 0, v0x13bc3d0_0;  1 drivers
v0x13bbb90_0 .var "r_ptr", 2 0;
v0x13bbc70_0 .net "rst_n", 0 0, v0x13bc4a0_0;  1 drivers
v0x13bbd30_0 .net "w_en", 0 0, v0x13bc570_0;  1 drivers
v0x13bbdf0_0 .var "w_ptr", 2 0;
L_0x13bc810 .arith/sum 3, v0x13bbdf0_0, L_0x7fbd56dcc018;
L_0x13bca00 .cmp/eq 3, L_0x13bc810, v0x13bbb90_0;
L_0x13bcb40 .cmp/eq 3, v0x13bbdf0_0, v0x13bbb90_0;
    .scope S_0x13bae90;
T_0 ;
    %wait E_0x139d8f0;
    %load/vec4 v0x13bbc70_0;
    %nor/r;
    %flag_set/vec4 8;
    %jmp/0xz  T_0.0, 8;
    %pushi/vec4 0, 0, 3;
    %assign/vec4 v0x13bbdf0_0, 0;
    %pushi/vec4 0, 0, 3;
    %assign/vec4 v0x13bbb90_0, 0;
    %pushi/vec4 0, 0, 8;
    %assign/vec4 v0x13bb6d0_0, 0;
T_0.0 ;
    %jmp T_0;
    .thread T_0;
    .scope S_0x13bae90;
T_1 ;
    %wait E_0x139d8f0;
    %load/vec4 v0x13bbd30_0;
    %load/vec4 v0x13bb980_0;
    %nor/r;
    %and;
    %flag_set/vec4 8;
    %jmp/0xz  T_1.0, 8;
    %load/vec4 v0x13bb5f0_0;
    %load/vec4 v0x13bbdf0_0;
    %pad/u 5;
    %ix/vec4 3;
    %ix/load 4, 0, 0; Constant delay
    %assign/vec4/a/d v0x13bb8c0, 0, 4;
    %load/vec4 v0x13bbdf0_0;
    %addi 1, 0, 3;
    %assign/vec4 v0x13bbdf0_0, 0;
T_1.0 ;
    %jmp T_1;
    .thread T_1;
    .scope S_0x13bae90;
T_2 ;
    %wait E_0x139d8f0;
    %load/vec4 v0x13bba40_0;
    %load/vec4 v0x13bb800_0;
    %nor/r;
    %and;
    %flag_set/vec4 8;
    %jmp/0xz  T_2.0, 8;
    %load/vec4 v0x13bbb90_0;
    %pad/u 5;
    %ix/vec4 4;
    %load/vec4a v0x13bb8c0, 4;
    %assign/vec4 v0x13bb6d0_0, 0;
    %load/vec4 v0x13bbb90_0;
    %addi 1, 0, 3;
    %assign/vec4 v0x13bbb90_0, 0;
T_2.0 ;
    %jmp T_2;
    .thread T_2;
    .scope S_0x1371710;
T_3 ;
    %delay 5, 0;
    %load/vec4 v0x13bbfd0_0;
    %inv;
    %store/vec4 v0x13bbfd0_0, 0, 1;
    %jmp T_3;
    .thread T_3;
    .scope S_0x1371710;
T_4 ;
    %pushi/vec4 0, 0, 1;
    %store/vec4 v0x13bbfd0_0, 0, 1;
    %pushi/vec4 0, 0, 1;
    %store/vec4 v0x13bc4a0_0, 0, 1;
    %pushi/vec4 0, 0, 1;
    %store/vec4 v0x13bc570_0, 0, 1;
    %pushi/vec4 0, 0, 8;
    %store/vec4 v0x13bc090_0, 0, 8;
    %pushi/vec4 10, 0, 32;
T_4.0 %dup/vec4;
    %pushi/vec4 0, 0, 32;
    %cmp/s;
    %jmp/1xz T_4.1, 5;
    %jmp/1 T_4.1, 4;
    %pushi/vec4 1, 0, 32;
    %sub;
    %wait E_0x139d8f0;
    %jmp T_4.0;
T_4.1 ;
    %pop/vec4 1;
    %pushi/vec4 1, 0, 1;
    %store/vec4 v0x13bc4a0_0, 0, 1;
    %pushi/vec4 2, 0, 32;
T_4.2 %dup/vec4;
    %pushi/vec4 0, 0, 32;
    %cmp/s;
    %jmp/1xz T_4.3, 5;
    %jmp/1 T_4.3, 4;
    %pushi/vec4 1, 0, 32;
    %sub;
    %fork t_1, S_0x139a530;
    %jmp t_0;
    .scope S_0x139a530;
t_1 ;
    %pushi/vec4 0, 0, 32;
    %store/vec4 v0x1389bb0_0, 0, 32;
T_4.4 ;
    %load/vec4 v0x1389bb0_0;
    %cmpi/s 30, 0, 32;
    %jmp/0xz T_4.5, 5;
    %wait E_0x139d8f0;
    %load/vec4 v0x1389bb0_0;
    %pushi/vec4 2, 0, 32;
    %mod/s;
    %cmpi/e 0, 0, 32;
    %flag_mov 8, 4;
    %jmp/0 T_4.6, 8;
    %pushi/vec4 1, 0, 1;
    %jmp/1 T_4.7, 8;
T_4.6 ; End of true expr.
    %pushi/vec4 0, 0, 1;
    %jmp/0 T_4.7, 8;
 ; End of false expr.
    %blend;
T_4.7;
    %store/vec4 v0x13bc570_0, 0, 1;
    %load/vec4 v0x13bc570_0;
    %load/vec4 v0x13bc330_0;
    %nor/r;
    %and;
    %flag_set/vec4 8;
    %jmp/0xz  T_4.8, 8;
    %vpi_func 3 32 "$urandom" 32 {0 0 0};
    %pad/u 8;
    %store/vec4 v0x13bc090_0, 0, 8;
    %ix/load 4, 0, 0;
    %load/vec4 v0x13bc090_0;
    %store/qb/v v0x13bc770_0, 4, 8;
T_4.8 ;
    ; show_stmt_assign_vector: Get l-value for compressed += operand
    %load/vec4 v0x1389bb0_0;
    %pushi/vec4 1, 0, 32;
    %add;
    %cast2;
    %store/vec4 v0x1389bb0_0, 0, 32;
    %jmp T_4.4;
T_4.5 ;
    %end;
    .scope S_0x1371710;
t_0 %join;
    %delay 50, 0;
    %jmp T_4.2;
T_4.3 ;
    %pop/vec4 1;
    %end;
    .thread T_4;
    .scope S_0x1371710;
T_5 ;
    %pushi/vec4 0, 0, 1;
    %store/vec4 v0x13bbfd0_0, 0, 1;
    %pushi/vec4 0, 0, 1;
    %store/vec4 v0x13bc4a0_0, 0, 1;
    %pushi/vec4 0, 0, 1;
    %store/vec4 v0x13bc3d0_0, 0, 1;
    %pushi/vec4 20, 0, 32;
T_5.0 %dup/vec4;
    %pushi/vec4 0, 0, 32;
    %cmp/s;
    %jmp/1xz T_5.1, 5;
    %jmp/1 T_5.1, 4;
    %pushi/vec4 1, 0, 32;
    %sub;
    %wait E_0x139d8f0;
    %jmp T_5.0;
T_5.1 ;
    %pop/vec4 1;
    %pushi/vec4 1, 0, 1;
    %store/vec4 v0x13bc4a0_0, 0, 1;
    %pushi/vec4 2, 0, 32;
T_5.2 %dup/vec4;
    %pushi/vec4 0, 0, 32;
    %cmp/s;
    %jmp/1xz T_5.3, 5;
    %jmp/1 T_5.3, 4;
    %pushi/vec4 1, 0, 32;
    %sub;
    %fork t_3, S_0x13babb0;
    %jmp t_2;
    .scope S_0x13babb0;
t_3 ;
    %pushi/vec4 0, 0, 32;
    %store/vec4 v0x13badb0_0, 0, 32;
T_5.4 ;
    %load/vec4 v0x13badb0_0;
    %cmpi/s 30, 0, 32;
    %jmp/0xz T_5.5, 5;
    %wait E_0x139d8f0;
    %load/vec4 v0x13badb0_0;
    %pushi/vec4 2, 0, 32;
    %mod/s;
    %cmpi/e 0, 0, 32;
    %flag_mov 8, 4;
    %jmp/0 T_5.6, 8;
    %pushi/vec4 1, 0, 1;
    %jmp/1 T_5.7, 8;
T_5.6 ; End of true expr.
    %pushi/vec4 0, 0, 1;
    %jmp/0 T_5.7, 8;
 ; End of false expr.
    %blend;
T_5.7;
    %store/vec4 v0x13bc3d0_0, 0, 1;
    %load/vec4 v0x13bc3d0_0;
    %load/vec4 v0x13bc260_0;
    %nor/r;
    %and;
    %flag_set/vec4 8;
    %jmp/0xz  T_5.8, 8;
    %delay 1, 0;
    %qpop/f/v v0x13bc770_0, 8;
    %store/vec4 v0x13bc640_0, 0, 8;
    %load/vec4 v0x13bc160_0;
    %load/vec4 v0x13bc640_0;
    %cmp/ne;
    %jmp/0xz  T_5.10, 6;
    %vpi_call/w 3 54 "$error", "Time = %0t: Comparison Failed: expected wr_data = %h, rd_data = %h", $time, v0x13bc640_0, v0x13bc160_0 {0 0 0};
    %jmp T_5.11;
T_5.10 ;
    %vpi_call/w 3 55 "$display", "Time = %0t: Comparison Passed: wr_data = %h and rd_data = %h", $time, v0x13bc640_0, v0x13bc160_0 {0 0 0};
T_5.11 ;
T_5.8 ;
    ; show_stmt_assign_vector: Get l-value for compressed += operand
    %load/vec4 v0x13badb0_0;
    %pushi/vec4 1, 0, 32;
    %add;
    %cast2;
    %store/vec4 v0x13badb0_0, 0, 32;
    %jmp T_5.4;
T_5.5 ;
    %end;
    .scope S_0x1371710;
t_2 %join;
    %delay 50, 0;
    %jmp T_5.2;
T_5.3 ;
    %pop/vec4 1;
    %vpi_call/w 3 61 "$finish" {0 0 0};
    %end;
    .thread T_5;
    .scope S_0x1371710;
T_6 ;
    %vpi_call/w 3 65 "$dumpfile", "dump.vcd" {0 0 0};
    %vpi_call/w 3 65 "$dumpvars" {0 0 0};
    %end;
    .thread T_6;
# The file index is used to find the file name in the following table.
:file_names 5;
    "N/A";
    "<interactive>";
    "-";
    "testbench.sv";
    "design.sv";
